  源.c
d:\visual stdio2015\projects\1640610930 韦星佐\1640610930 韦星佐\源.c(28): warning C4013: “malloc”未定义；假设外部返回 int
d:\visual stdio2015\projects\1640610930 韦星佐\1640610930 韦星佐\源.c(51): warning C4996: 'scanf': This function or variable may be unsafe. Consider using scanf_s instead. To disable deprecation, use _CRT_SECURE_NO_WARNINGS. See online help for details.
  c:\program files (x86)\windows kits\10\include\10.0.10240.0\ucrt\stdio.h(1270): note: 参见“scanf”的声明
d:\visual stdio2015\projects\1640610930 韦星佐\1640610930 韦星佐\源.c(53): warning C4996: 'scanf': This function or variable may be unsafe. Consider using scanf_s instead. To disable deprecation, use _CRT_SECURE_NO_WARNINGS. See online help for details.
  c:\program files (x86)\windows kits\10\include\10.0.10240.0\ucrt\stdio.h(1270): note: 参见“scanf”的声明
d:\visual stdio2015\projects\1640610930 韦星佐\1640610930 韦星佐\源.c(55): warning C4996: 'scanf': This function or variable may be unsafe. Consider using scanf_s instead. To disable deprecation, use _CRT_SECURE_NO_WARNINGS. See online help for details.
  c:\program files (x86)\windows kits\10\include\10.0.10240.0\ucrt\stdio.h(1270): note: 参见“scanf”的声明
d:\visual stdio2015\projects\1640610930 韦星佐\1640610930 韦星佐\源.c(64): warning C4996: 'scanf': This function or variable may be unsafe. Consider using scanf_s instead. To disable deprecation, use _CRT_SECURE_NO_WARNINGS. See online help for details.
  c:\program files (x86)\windows kits\10\include\10.0.10240.0\ucrt\stdio.h(1270): note: 参见“scanf”的声明
d:\visual stdio2015\projects\1640610930 韦星佐\1640610930 韦星佐\源.c(119): warning C4013: “system”未定义；假设外部返回 int
d:\visual stdio2015\projects\1640610930 韦星佐\1640610930 韦星佐\源.c(152): warning C4047: “函数”:“char *”与“char (*)[20]”的间接级别不同
d:\visual stdio2015\projects\1640610930 韦星佐\1640610930 韦星佐\源.c(152): warning C4024: “LocateList”: 形参和实参 2 的类型不同
d:\visual stdio2015\projects\1640610930 韦星佐\1640610930 韦星佐\源.c(171): warning C4013: “exit”未定义；假设外部返回 int
d:\visual stdio2015\projects\1640610930 韦星佐\1640610930 韦星佐\源.c(128): warning C4996: 'scanf': This function or variable may be unsafe. Consider using scanf_s instead. To disable deprecation, use _CRT_SECURE_NO_WARNINGS. See online help for details.
  c:\program files (x86)\windows kits\10\include\10.0.10240.0\ucrt\stdio.h(1270): note: 参见“scanf”的声明
d:\visual stdio2015\projects\1640610930 韦星佐\1640610930 韦星佐\源.c(134): warning C4996: 'scanf': This function or variable may be unsafe. Consider using scanf_s instead. To disable deprecation, use _CRT_SECURE_NO_WARNINGS. See online help for details.
  c:\program files (x86)\windows kits\10\include\10.0.10240.0\ucrt\stdio.h(1270): note: 参见“scanf”的声明
d:\visual stdio2015\projects\1640610930 韦星佐\1640610930 韦星佐\源.c(151): warning C4996: 'scanf': This function or variable may be unsafe. Consider using scanf_s instead. To disable deprecation, use _CRT_SECURE_NO_WARNINGS. See online help for details.
  c:\program files (x86)\windows kits\10\include\10.0.10240.0\ucrt\stdio.h(1270): note: 参见“scanf”的声明
d:\visual stdio2015\projects\1640610930 韦星佐\1640610930 韦星佐\源.c(187): warning C4996: 'strcpy': This function or variable may be unsafe. Consider using strcpy_s instead. To disable deprecation, use _CRT_SECURE_NO_WARNINGS. See online help for details.
  c:\program files (x86)\windows kits\10\include\10.0.10240.0\ucrt\string.h(119): note: 参见“strcpy”的声明
d:\visual stdio2015\projects\1640610930 韦星佐\1640610930 韦星佐\源.c(188): warning C4996: 'strcpy': This function or variable may be unsafe. Consider using strcpy_s instead. To disable deprecation, use _CRT_SECURE_NO_WARNINGS. See online help for details.
  c:\program files (x86)\windows kits\10\include\10.0.10240.0\ucrt\string.h(119): note: 参见“strcpy”的声明
d:\visual stdio2015\projects\1640610930 韦星佐\1640610930 韦星佐\源.c(189): warning C4996: 'strcpy': This function or variable may be unsafe. Consider using strcpy_s instead. To disable deprecation, use _CRT_SECURE_NO_WARNINGS. See online help for details.
  c:\program files (x86)\windows kits\10\include\10.0.10240.0\ucrt\string.h(119): note: 参见“strcpy”的声明
d:\visual stdio2015\projects\1640610930 韦星佐\1640610930 韦星佐\源.c(190): warning C4996: 'strcpy': This function or variable may be unsafe. Consider using strcpy_s instead. To disable deprecation, use _CRT_SECURE_NO_WARNINGS. See online help for details.
  c:\program files (x86)\windows kits\10\include\10.0.10240.0\ucrt\string.h(119): note: 参见“strcpy”的声明
d:\visual stdio2015\projects\1640610930 韦星佐\1640610930 韦星佐\源.c(191): warning C4996: 'strcpy': This function or variable may be unsafe. Consider using strcpy_s instead. To disable deprecation, use _CRT_SECURE_NO_WARNINGS. See online help for details.
  c:\program files (x86)\windows kits\10\include\10.0.10240.0\ucrt\string.h(119): note: 参见“strcpy”的声明
d:\visual stdio2015\projects\1640610930 韦星佐\1640610930 韦星佐\源.c(107): warning C4716: “DispList”: 必须返回一个值
  1640610930 韦星佐.vcxproj -> D:\Visual Stdio2015\Projects\1640610930 韦星佐\Debug\1640610930 韦星佐.exe
  1640610930 韦星佐.vcxproj -> D:\Visual Stdio2015\Projects\1640610930 韦星佐\Debug\1640610930 韦星佐.pdb (Full PDB)
