  源.c
d:\visual stdio2015\projects\图书管理\图书管理\源.c(36): warning C4013: “malloc”未定义；假设外部返回 int
d:\visual stdio2015\projects\图书管理\图书管理\源.c(50): warning C4013: “strcmp”未定义；假设外部返回 int
d:\visual stdio2015\projects\图书管理\图书管理\源.c(53): warning C4013: “free”未定义；假设外部返回 int
d:\visual stdio2015\projects\图书管理\图书管理\源.c(91): warning C4996: 'scanf': This function or variable may be unsafe. Consider using scanf_s instead. To disable deprecation, use _CRT_SECURE_NO_WARNINGS. See online help for details.
  c:\program files (x86)\windows kits\10\include\10.0.10240.0\ucrt\stdio.h(1270): note: 参见“scanf”的声明
d:\visual stdio2015\projects\图书管理\图书管理\源.c(96): warning C4996: 'scanf': This function or variable may be unsafe. Consider using scanf_s instead. To disable deprecation, use _CRT_SECURE_NO_WARNINGS. See online help for details.
  c:\program files (x86)\windows kits\10\include\10.0.10240.0\ucrt\stdio.h(1270): note: 参见“scanf”的声明
d:\visual stdio2015\projects\图书管理\图书管理\源.c(135): warning C4013: “system”未定义；假设外部返回 int
d:\visual stdio2015\projects\图书管理\图书管理\源.c(155): warning C4013: “strcpy”未定义；假设外部返回 int
d:\visual stdio2015\projects\图书管理\图书管理\源.c(174): warning C4047: “函数”:“char *”与“char (*)[30]”的间接级别不同
d:\visual stdio2015\projects\图书管理\图书管理\源.c(174): warning C4024: “DeleteList”: 形参和实参 2 的类型不同
d:\visual stdio2015\projects\图书管理\图书管理\源.c(184): warning C4047: “函数”:“char *”与“char (*)[30]”的间接级别不同
d:\visual stdio2015\projects\图书管理\图书管理\源.c(184): warning C4024: “LocateList”: 形参和实参 2 的类型不同
d:\visual stdio2015\projects\图书管理\图书管理\源.c(196): warning C4047: “函数”:“char *”与“char (*)[30]”的间接级别不同
d:\visual stdio2015\projects\图书管理\图书管理\源.c(196): warning C4024: “ChangeList”: 形参和实参 2 的类型不同
d:\visual stdio2015\projects\图书管理\图书管理\源.c(211): warning C4013: “exit”未定义；假设外部返回 int
d:\visual stdio2015\projects\图书管理\图书管理\源.c(145): warning C4996: 'scanf': This function or variable may be unsafe. Consider using scanf_s instead. To disable deprecation, use _CRT_SECURE_NO_WARNINGS. See online help for details.
  c:\program files (x86)\windows kits\10\include\10.0.10240.0\ucrt\stdio.h(1270): note: 参见“scanf”的声明
d:\visual stdio2015\projects\图书管理\图书管理\源.c(151): warning C4996: 'scanf': This function or variable may be unsafe. Consider using scanf_s instead. To disable deprecation, use _CRT_SECURE_NO_WARNINGS. See online help for details.
  c:\program files (x86)\windows kits\10\include\10.0.10240.0\ucrt\stdio.h(1270): note: 参见“scanf”的声明
d:\visual stdio2015\projects\图书管理\图书管理\源.c(154): warning C4996: 'scanf': This function or variable may be unsafe. Consider using scanf_s instead. To disable deprecation, use _CRT_SECURE_NO_WARNINGS. See online help for details.
  c:\program files (x86)\windows kits\10\include\10.0.10240.0\ucrt\stdio.h(1270): note: 参见“scanf”的声明
d:\visual stdio2015\projects\图书管理\图书管理\源.c(157): warning C4996: 'scanf': This function or variable may be unsafe. Consider using scanf_s instead. To disable deprecation, use _CRT_SECURE_NO_WARNINGS. See online help for details.
  c:\program files (x86)\windows kits\10\include\10.0.10240.0\ucrt\stdio.h(1270): note: 参见“scanf”的声明
d:\visual stdio2015\projects\图书管理\图书管理\源.c(160): warning C4996: 'scanf': This function or variable may be unsafe. Consider using scanf_s instead. To disable deprecation, use _CRT_SECURE_NO_WARNINGS. See online help for details.
  c:\program files (x86)\windows kits\10\include\10.0.10240.0\ucrt\stdio.h(1270): note: 参见“scanf”的声明
d:\visual stdio2015\projects\图书管理\图书管理\源.c(172): warning C4996: 'scanf': This function or variable may be unsafe. Consider using scanf_s instead. To disable deprecation, use _CRT_SECURE_NO_WARNINGS. See online help for details.
  c:\program files (x86)\windows kits\10\include\10.0.10240.0\ucrt\stdio.h(1270): note: 参见“scanf”的声明
d:\visual stdio2015\projects\图书管理\图书管理\源.c(182): warning C4996: 'scanf': This function or variable may be unsafe. Consider using scanf_s instead. To disable deprecation, use _CRT_SECURE_NO_WARNINGS. See online help for details.
  c:\program files (x86)\windows kits\10\include\10.0.10240.0\ucrt\stdio.h(1270): note: 参见“scanf”的声明
d:\visual stdio2015\projects\图书管理\图书管理\源.c(195): warning C4996: 'scanf': This function or variable may be unsafe. Consider using scanf_s instead. To disable deprecation, use _CRT_SECURE_NO_WARNINGS. See online help for details.
  c:\program files (x86)\windows kits\10\include\10.0.10240.0\ucrt\stdio.h(1270): note: 参见“scanf”的声明
d:\visual stdio2015\projects\图书管理\图书管理\源.c(105): warning C4715: “ChangeList”: 不是所有的控件路径都返回值
d:\visual stdio2015\projects\图书管理\图书管理\源.c(63): warning C4715: “DeleteList”: 不是所有的控件路径都返回值
d:\visual stdio2015\projects\图书管理\图书管理\源.c(82): warning C4715: “LocateList”: 不是所有的控件路径都返回值
  图书管理.vcxproj -> D:\Visual Stdio2015\Projects\图书管理\Debug\图书管理.exe
  图书管理.vcxproj -> D:\Visual Stdio2015\Projects\图书管理\Debug\图书管理.pdb (Full PDB)
